






Started logging.

<<<
Content-Length: 3224

{
  "params": {
    "capabilities": {
      "window": {
        "showDocument": {
          "support": true
        },
        "workDoneProgress": true,
        "showMessage": {
          "messageActionItem": {
            "additionalPropertiesSupport": false
          }
        }
      },
      "textDocument": {
        "hover": {
          "dynamicRegistration": true,
          "contentFormat": [
            "markdown",
            "plaintext"
          ]
        },
        "semanticTokens": null,
        "completion": {
          "completionItem": {
            "commitCharactersSupport": false,
            "preselectSupport": false,
            "deprecatedSupport": false,
            "documentationFormat": [
              "markdown",
              "plaintext"
            ],
            "snippetSupport": false
          },
          "contextSupport": false,
          "completionItemKind": {
            "valueSet": [
              1,
              2,
              3,
              4,
              5,
              6,
              7,
              8,
              9,
              10,
              11,
              12,
              13,
              14,
              15,
              16,
              17,
              18,
              19,
              20,
              21,
              22,
              23,
              24,
              25
            ]
          },
          "completionList": {
            "itemDefaults": [
              "editRange",
              "insertTextFormat",
              "insertTextMode",
              "data"
            ]
          },
          "dynamicRegistration": false
        },
        "synchronization": {
          "didSave": true,
          "willSaveWaitUntil": true,
          "dynamicRegistration": false,
          "willSave": true
        },
        "inlayHint": {
          "dynamicRegistration": true,
          "resolveSupport": {
            "properties": [
              "textEdits",
              "tooltip",
              "location",
              "command"
            ]
          }
        },
        "diagnostic": {
          "dynamicRegistration": false
        },
        "callHierarchy": {
          "dynamicRegistration": false
        },
        "publishDiagnostics": {
          "dataSupport": true,
          "relatedInformation": true,
          "tagSupport": {
            "valueSet": [
              1,
              2
            ]
          }
        },
        "documentSymbol": {
          "symbolKind": {
            "valueSet": [
              1,
              2,
              3,
              4,
              5,
              6,
              7,
              8,
              9,
              10,
              11,
              12,
              13,
              14,
              15,
              16,
              17,
              18,
              19,
              20,
              21,
              22,
              23,
              24,
              25,
              26
            ]
          },
          "dynamicRegistration": false,
          "hierarchicalDocumentSymbolSupport": true
        },
        "documentHighlight": {
          "dynamicRegistration": false
        },
        "definition": {
          "dynamicRegistration": true,
          "linkSupport": true
        },
        "implementation": {
          "linkSupport": true
        },
        "declaration": {
          "linkSupport": true
        },
        "references": {
          "dynamicRegistration": false
        },
        "signatureHelp": {
          "dynamicRegistration": false,
          "signatureInformation": {
            "activeParameterSupport": true,
            "documentationFormat": [
              "markdown",
              "plaintext"
            ],
            "parameterInformation": {
              "labelOffsetSupport": true
            }
          }
        },
        "typeDefinition": {
          "linkSupport": true
        },
        "rename": {
          "dynamicRegistration": true,
          "prepareSupport": true
        },
        "formatting": {
          "dynamicRegistration": true
        },
        "codeAction": {
          "isPreferredSupport": true,
          "resolveSupport": {
            "properties": [
              "edit"
            ]
          },
          "dataSupport": true,
          "dynamicRegistration": true,
          "codeActionLiteralSupport": {
            "codeActionKind": {
              "valueSet": [
                "",
                "quickfix",
                "refactor",
                "refactor.extract",
                "refactor.inline",
                "refactor.rewrite",
                "source",
                "source.organizeImports"
              ]
            }
          }
        },
        "rangeFormatting": {
          "dynamicRegistration": true
        }
      },
      "general": {
        "positionEncodings": [
          "utf-16"
        ]
      },
      "workspace": {
        "didChangeConfiguration": {
          "dynamicRegistration": false
        },
        "semanticTokens": null,
        "applyEdit": true,
        "workspaceFolders": true,
        "configuration": true,
        "inlayHint": {
          "refreshSupport": true
        },
        "symbol": {
          "dynamicRegistration": false,
          "symbolKind": {
            "valueSet": [
              1,
              2,
              3,
              4,
              5,
              6,
              7,
              8,
              9,
              10,
              11,
              12,
              13,
              14,
              15,
              16,
              17,
              18,
              19,
              20,
              21,
              22,
              23,
              24,
              25,
              26
            ]
          }
        },
        "didChangeWatchedFiles": {
          "dynamicRegistration": true,
          "relativePatternSupport": true
        },
        "workspaceEdit": {
          "resourceOperations": [
            "rename",
            "create",
            "delete"
          ]
        }
      }
    },
    "workspaceFolders": [
      {
        "name": "/home/christopher-wood/projects/EgrThingThing",
        "uri": "file:///home/christopher-wood/projects/EgrThingThing"
      }
    ],
    "rootPath": "/home/christopher-wood/projects/EgrThingThing",
    "rootUri": "file:///home/christopher-wood/projects/EgrThingThing",
    "clientInfo": {
      "version": "0.10.0-dev+gf6dcc464f",
      "name": "Neovim"
    },
    "processId": 3445035,
    "workDoneToken": "1",
    "trace": "off",
    "initializationOptions": {}
  },
  "id": 1,
  "method": "initialize",
  "jsonrpc": "2.0"
}







Started logging.

<<<
Content-Length: 3223

{"params":{"initializationOptions":{},"rootUri":"file:\/\/\/home\/christopher-wood\/projects\/EgrThingThing","clientInfo":{"name":"Neovim","version":"0.10.0-dev+g4c31a1b80"},"processId":245638,"workDoneToken":"1","rootPath":"\/home\/christopher-wood\/projects\/EgrThingThing","capabilities":{"textDocument":{"synchronization":{"willSaveWaitUntil":true,"dynamicRegistration":false,"willSave":true,"didSave":true},"documentHighlight":{"dynamicRegistration":false},"diagnostic":{"dynamicRegistration":false},"definition":{"linkSupport":true,"dynamicRegistration":true},"completion":{"completionItemKind":{"valueSet":[1,2,3,4,5,6,7,8,9,10,11,12,13,14,15,16,17,18,19,20,21,22,23,24,25]},"dynamicRegistration":false,"completionList":{"itemDefaults":["editRange","insertTextFormat","insertTextMode","data"]},"completionItem":{"snippetSupport":false,"commitCharactersSupport":false,"deprecatedSupport":false,"preselectSupport":false,"documentationFormat":["markdown","plaintext"]},"contextSupport":false},"typeDefinition":{"linkSupport":true},"declaration":{"linkSupport":true},"references":{"dynamicRegistration":false},"hover":{"contentFormat":["markdown","plaintext"],"dynamicRegistration":true},"semanticTokens":null,"rename":{"prepareSupport":true,"dynamicRegistration":true},"inlayHint":{"dynamicRegistration":true,"resolveSupport":{"properties":["textEdits","tooltip","location","command"]}},"rangeFormatting":{"dynamicRegistration":true},"formatting":{"dynamicRegistration":true},"codeAction":{"dynamicRegistration":true,"codeActionLiteralSupport":{"codeActionKind":{"valueSet":["","quickfix","refactor","refactor.extract","refactor.inline","refactor.rewrite","source","source.organizeImports"]}},"dataSupport":true,"isPreferredSupport":true,"resolveSupport":{"properties":["edit"]}},"publishDiagnostics":{"relatedInformation":true,"tagSupport":{"valueSet":[1,2]},"dataSupport":true},"implementation":{"linkSupport":true},"signatureHelp":{"dynamicRegistration":false,"signatureInformation":{"parameterInformation":{"labelOffsetSupport":true},"activeParameterSupport":true,"documentationFormat":["markdown","plaintext"]}},"documentSymbol":{"hierarchicalDocumentSymbolSupport":true,"dynamicRegistration":false,"symbolKind":{"valueSet":[1,2,3,4,5,6,7,8,9,10,11,12,13,14,15,16,17,18,19,20,21,22,23,24,25,26]}},"callHierarchy":{"dynamicRegistration":false}},"general":{"positionEncodings":["utf-16"]},"workspace":{"workspaceEdit":{"resourceOperations":["rename","create","delete"]},"symbol":{"dynamicRegistration":false,"symbolKind":{"valueSet":[1,2,3,4,5,6,7,8,9,10,11,12,13,14,15,16,17,18,19,20,21,22,23,24,25,26]}},"semanticTokens":null,"configuration":true,"workspaceFolders":true,"applyEdit":true,"didChangeConfiguration":{"dynamicRegistration":false},"inlayHint":{"refreshSupport":true},"didChangeWatchedFiles":{"relativePatternSupport":true,"dynamicRegistration":true}},"window":{"showDocument":{"support":true},"workDoneProgress":true,"showMessage":{"messageActionItem":{"additionalPropertiesSupport":false}}}},"workspaceFolders":[{"uri":"file:\/\/\/home\/christopher-wood\/projects\/EgrThingThing","name":"\/home\/christopher-wood\/projects\/EgrThingThing"}],"trace":"off"},"id":1,"jsonrpc":"2.0","method":"initialize"}






Started logging.

<<<
Content-Length: 3223

{"params":{"processId":256154,"workDoneToken":"1","trace":"off","rootPath":"\/home\/christopher-wood\/projects\/EgrThingThing","capabilities":{"window":{"showMessage":{"messageActionItem":{"additionalPropertiesSupport":false}},"showDocument":{"support":true},"workDoneProgress":true},"textDocument":{"inlayHint":{"resolveSupport":{"properties":["textEdits","tooltip","location","command"]},"dynamicRegistration":true},"diagnostic":{"dynamicRegistration":false},"rangeFormatting":{"dynamicRegistration":true},"formatting":{"dynamicRegistration":true},"codeAction":{"isPreferredSupport":true,"resolveSupport":{"properties":["edit"]},"dynamicRegistration":true,"dataSupport":true,"codeActionLiteralSupport":{"codeActionKind":{"valueSet":["","quickfix","refactor","refactor.extract","refactor.inline","refactor.rewrite","source","source.organizeImports"]}}},"documentSymbol":{"symbolKind":{"valueSet":[1,2,3,4,5,6,7,8,9,10,11,12,13,14,15,16,17,18,19,20,21,22,23,24,25,26]},"dynamicRegistration":false,"hierarchicalDocumentSymbolSupport":true},"synchronization":{"didSave":true,"willSaveWaitUntil":true,"willSave":true,"dynamicRegistration":false},"documentHighlight":{"dynamicRegistration":false},"signatureHelp":{"signatureInformation":{"activeParameterSupport":true,"documentationFormat":["markdown","plaintext"],"parameterInformation":{"labelOffsetSupport":true}},"dynamicRegistration":false},"typeDefinition":{"linkSupport":true},"publishDiagnostics":{"tagSupport":{"valueSet":[1,2]},"dataSupport":true,"relatedInformation":true},"completion":{"contextSupport":false,"dynamicRegistration":false,"completionItem":{"deprecatedSupport":false,"preselectSupport":false,"documentationFormat":["markdown","plaintext"],"snippetSupport":false,"commitCharactersSupport":false},"completionList":{"itemDefaults":["editRange","insertTextFormat","insertTextMode","data"]},"completionItemKind":{"valueSet":[1,2,3,4,5,6,7,8,9,10,11,12,13,14,15,16,17,18,19,20,21,22,23,24,25]}},"hover":{"dynamicRegistration":true,"contentFormat":["markdown","plaintext"]},"definition":{"dynamicRegistration":true,"linkSupport":true},"rename":{"prepareSupport":true,"dynamicRegistration":true},"callHierarchy":{"dynamicRegistration":false},"declaration":{"linkSupport":true},"references":{"dynamicRegistration":false},"implementation":{"linkSupport":true},"semanticTokens":null},"general":{"positionEncodings":["utf-16"]},"workspace":{"configuration":true,"inlayHint":{"refreshSupport":true},"applyEdit":true,"didChangeWatchedFiles":{"relativePatternSupport":true,"dynamicRegistration":true},"semanticTokens":null,"workspaceEdit":{"resourceOperations":["rename","create","delete"]},"symbol":{"dynamicRegistration":false,"symbolKind":{"valueSet":[1,2,3,4,5,6,7,8,9,10,11,12,13,14,15,16,17,18,19,20,21,22,23,24,25,26]}},"didChangeConfiguration":{"dynamicRegistration":false},"workspaceFolders":true}},"initializationOptions":{},"rootUri":"file:\/\/\/home\/christopher-wood\/projects\/EgrThingThing","clientInfo":{"name":"Neovim","version":"0.10.0-dev+g4c31a1b80"},"workspaceFolders":[{"name":"\/home\/christopher-wood\/projects\/EgrThingThing","uri":"file:\/\/\/home\/christopher-wood\/projects\/EgrThingThing"}]},"id":1,"jsonrpc":"2.0","method":"initialize"}






Started logging.

<<<
Content-Length: 3223

{"jsonrpc":"2.0","params":{"clientInfo":{"name":"Neovim","version":"0.10.0-dev+g4c31a1b80"},"processId":277517,"workDoneToken":"1","capabilities":{"workspace":{"symbol":{"dynamicRegistration":false,"symbolKind":{"valueSet":[1,2,3,4,5,6,7,8,9,10,11,12,13,14,15,16,17,18,19,20,21,22,23,24,25,26]}},"didChangeWatchedFiles":{"relativePatternSupport":true,"dynamicRegistration":true},"workspaceEdit":{"resourceOperations":["rename","create","delete"]},"didChangeConfiguration":{"dynamicRegistration":false},"semanticTokens":null,"configuration":true,"inlayHint":{"refreshSupport":true},"applyEdit":true,"workspaceFolders":true},"general":{"positionEncodings":["utf-16"]},"window":{"showMessage":{"messageActionItem":{"additionalPropertiesSupport":false}},"showDocument":{"support":true},"workDoneProgress":true},"textDocument":{"hover":{"dynamicRegistration":true,"contentFormat":["markdown","plaintext"]},"diagnostic":{"dynamicRegistration":false},"rangeFormatting":{"dynamicRegistration":true},"formatting":{"dynamicRegistration":true},"codeAction":{"dataSupport":true,"codeActionLiteralSupport":{"codeActionKind":{"valueSet":["","quickfix","refactor","refactor.extract","refactor.inline","refactor.rewrite","source","source.organizeImports"]}},"isPreferredSupport":true,"resolveSupport":{"properties":["edit"]},"dynamicRegistration":true},"semanticTokens":null,"inlayHint":{"resolveSupport":{"properties":["textEdits","tooltip","location","command"]},"dynamicRegistration":true},"synchronization":{"willSave":true,"didSave":true,"willSaveWaitUntil":true,"dynamicRegistration":false},"documentHighlight":{"dynamicRegistration":false},"signatureHelp":{"signatureInformation":{"activeParameterSupport":true,"documentationFormat":["markdown","plaintext"],"parameterInformation":{"labelOffsetSupport":true}},"dynamicRegistration":false},"callHierarchy":{"dynamicRegistration":false},"publishDiagnostics":{"tagSupport":{"valueSet":[1,2]},"dataSupport":true,"relatedInformation":true},"definition":{"dynamicRegistration":true,"linkSupport":true},"implementation":{"linkSupport":true},"declaration":{"linkSupport":true},"completion":{"completionItem":{"commitCharactersSupport":false,"deprecatedSupport":false,"preselectSupport":false,"documentationFormat":["markdown","plaintext"],"snippetSupport":false},"completionList":{"itemDefaults":["editRange","insertTextFormat","insertTextMode","data"]},"dynamicRegistration":false,"contextSupport":false,"completionItemKind":{"valueSet":[1,2,3,4,5,6,7,8,9,10,11,12,13,14,15,16,17,18,19,20,21,22,23,24,25]}},"typeDefinition":{"linkSupport":true},"references":{"dynamicRegistration":false},"documentSymbol":{"symbolKind":{"valueSet":[1,2,3,4,5,6,7,8,9,10,11,12,13,14,15,16,17,18,19,20,21,22,23,24,25,26]},"dynamicRegistration":false,"hierarchicalDocumentSymbolSupport":true},"rename":{"prepareSupport":true,"dynamicRegistration":true}}},"trace":"off","rootPath":"\/home\/christopher-wood\/projects\/EgrThingThing","workspaceFolders":[{"name":"\/home\/christopher-wood\/projects\/EgrThingThing","uri":"file:\/\/\/home\/christopher-wood\/projects\/EgrThingThing"}],"initializationOptions":{},"rootUri":"file:\/\/\/home\/christopher-wood\/projects\/EgrThingThing"},"method":"initialize","id":1}